#
# There is insufficient memory for the Java Runtime Environment to continue.
# Native memory allocation (malloc) failed to allocate 41627648 bytes for committing reserved memory.
# Possible reasons:
#   The system is out of physical RAM or swap space
#   In 32 bit mode, the process size limit was hit
# Possible solutions:
#   Reduce memory load on the system
#   Increase physical memory or swap space
#   Check if swap backing store is full
#   Use 64 bit Java on a 64 bit OS
#   Decrease Java heap size (-Xmx/-Xms)
#   Decrease number of Java threads
#   Decrease Java thread stack sizes (-Xss)
#   Set larger code cache with -XX:ReservedCodeCacheSize=
# This output file may be truncated or incomplete.
#
#  Out of Memory Error (os_linux.cpp:2747), pid=2988, tid=140144189515520
#
# JRE version: Java(TM) SE Runtime Environment (7.0_60-b19) (build 1.7.0_60-b19)
# Java VM: Java HotSpot(TM) 64-Bit Server VM (24.60-b09 mixed mode linux-amd64 compressed oops)
# Failed to write core dump. Core dumps have been disabled. To enable core dumping, try "ulimit -c unlimited" before starting Java again
#

---------------  T H R E A D  ---------------

Current thread (0x00007f75e0089000):  VMThread [stack: 0x00007f75dc922000,0x00007f75dca23000] [id=2992]

Stack: [0x00007f75dc922000,0x00007f75dca23000],  sp=0x00007f75dca21290,  free space=1020k
Native frames: (J=compiled Java code, j=interpreted, Vv=VM code, C=native code)
V  [libjvm.so+0x99e7ca]  VMError::report_and_die()+0x2ea
V  [libjvm.so+0x496fbb]  report_vm_out_of_memory(char const*, int, unsigned long, char const*)+0x9b
V  [libjvm.so+0x81d81e]  os::Linux::commit_memory_impl(char*, unsigned long, bool)+0xfe
V  [libjvm.so+0x81dd69]  os::pd_commit_memory(char*, unsigned long, unsigned long, bool)+0x29
V  [libjvm.so+0x817b0a]  os::commit_memory(char*, unsigned long, unsigned long, bool)+0x2a
V  [libjvm.so+0x999fd9]  VirtualSpace::expand_by(unsigned long, bool)+0x1c9
V  [libjvm.so+0x577705]  OneContigSpaceCardGeneration::grow_by(unsigned long)+0x25
V  [libjvm.so+0x577acf]  CardGeneration::expand(unsigned long, unsigned long)+0x6f
V  [libjvm.so+0x577b7e]  OneContigSpaceCardGeneration::expand(unsigned long, unsigned long)+0x3e
V  [libjvm.so+0x56a754]  GenCollectedHeap::do_collection(bool, bool, unsigned long, bool, int)+0x754
V  [libjvm.so+0x56ad57]  GenCollectedHeap::do_full_collection(bool, int)+0x47
V  [libjvm.so+0x99f670]  VM_GenCollectForPermanentAllocation::doit()+0x170
V  [libjvm.so+0x9a7505]  VM_Operation::evaluate()+0x55
V  [libjvm.so+0x9a58ca]  VMThread::evaluate_operation(VM_Operation*)+0xba
V  [libjvm.so+0x9a5c4e]  VMThread::loop()+0x1ce
V  [libjvm.so+0x9a60c0]  VMThread::run()+0x70
V  [libjvm.so+0x81f7f8]  java_start(Thread*)+0x108

VM_Operation (0x00007f75c705e330): GenCollectForPermanentAllocation, mode: safepoint, requested by thread 0x00007f75c8001800


---------------  P R O C E S S  ---------------

Java Threads: ( => current thread )
  0x00007f75d4892000 JavaThread "net.sf.ehcache.CacheManager@4422b21a" daemon [_thread_blocked, id=3021, stack(0x00007f75c6b65000,0x00007f75c6c66000)]
  0x00007f75d46ac800 JavaThread "PoolCleaner[554279358:1402998209387]" daemon [_thread_blocked, id=3020, stack(0x00007f75c6c66000,0x00007f75c6d67000)]
  0x00007f75d40c8800 JavaThread "FileSystemWatcher: files=#87 cl=groovy.lang.GroovyClassLoader@2109a1be" daemon [_thread_blocked, id=3019, stack(0x00007f75c6d67000,0x00007f75c6e68000)]
  0x00007f75d406f000 JavaThread "Thread-3" daemon [_thread_in_native, id=3018, stack(0x00007f75c6e68000,0x00007f75c6f69000)]
  0x00007f75c8001800 JavaThread "localhost-startStop-1" daemon [_thread_blocked, id=3017, stack(0x00007f75c6f69000,0x00007f75c706a000)]
  0x00007f75e05e7800 JavaThread "Tomcat-startStop-1" daemon [_thread_blocked, id=3016, stack(0x00007f75c706a000,0x00007f75c716b000)]
  0x00007f75e08db000 JavaThread "Thread-2" [_thread_in_native, id=3015, stack(0x00007f75c7373000,0x00007f75c7474000)]
  0x00007f75e0327000 JavaThread "NonBlockingInputStreamThread" daemon [_thread_blocked, id=3008, stack(0x00007f75c7afc000,0x00007f75c7bfd000)]
  0x00007f75e031a800 JavaThread "process reaper" daemon [_thread_blocked, id=3001, stack(0x00007f75dc005000,0x00007f75dc03e000)]
  0x00007f75e0191800 JavaThread "Service Thread" daemon [_thread_blocked, id=2998, stack(0x00007f75c7eff000,0x00007f75c8000000)]
  0x00007f75e017f800 JavaThread "C2 CompilerThread1" daemon [_thread_blocked, id=2997, stack(0x00007f75dc042000,0x00007f75dc143000)]
  0x00007f75e0188000 JavaThread "C2 CompilerThread0" daemon [_thread_blocked, id=2996, stack(0x00007f75dc143000,0x00007f75dc244000)]
  0x00007f75e00a9000 JavaThread "Signal Dispatcher" daemon [_thread_blocked, id=2995, stack(0x00007f75dc356000,0x00007f75dc457000)]
  0x00007f75e008f800 JavaThread "Finalizer" daemon [_thread_blocked, id=2994, stack(0x00007f75dc720000,0x00007f75dc821000)]
  0x00007f75e008d800 JavaThread "Reference Handler" daemon [_thread_blocked, id=2993, stack(0x00007f75dc821000,0x00007f75dc922000)]
  0x00007f75e000c000 JavaThread "main" [_thread_blocked, id=2990, stack(0x00007f75e6ff6000,0x00007f75e70f7000)]

Other Threads:
=>0x00007f75e0089000 VMThread [stack: 0x00007f75dc922000,0x00007f75dca23000] [id=2992]
  0x00007f75e019d000 WatcherThread [stack: 0x00007f75c7dfe000,0x00007f75c7eff000] [id=2999]

VM state:at safepoint (normal execution)

VM Mutex/Monitor currently owned by a thread:  ([mutex/lock_event])
[0x00007f75e0008770] Threads_lock - owner thread: 0x00007f75e0089000
[0x00007f75e0008c70] Heap_lock - owner thread: 0x00007f75c8001800

Heap
 def new generation   total 37632K, used 0K [0x00000000c0000000, 0x00000000c28d0000, 0x00000000d0000000)
  eden space 33472K,   0% used [0x00000000c0000000, 0x00000000c0000000, 0x00000000c20b0000)
  from space 4160K,   0% used [0x00000000c20b0000, 0x00000000c20b0000, 0x00000000c24c0000)
  to   space 4160K,   0% used [0x00000000c24c0000, 0x00000000c24c0000, 0x00000000c28d0000)
 tenured generation   total 83560K, used 74525K [0x00000000d0000000, 0x00000000d519a000, 0x00000000f0000000)
   the space 83560K,  89% used [0x00000000d0000000, 0x00000000d48c7650, 0x00000000d48c7800, 0x00000000d519a000)
 compacting perm gen  total 53888K, used 53887K [0x00000000f0000000, 0x00000000f34a0000, 0x0000000100000000)
   the space 53888K,  99% used [0x00000000f0000000, 0x00000000f349ffd8, 0x00000000f34a0000, 0x00000000f34a0000)
No shared spaces configured.

Card table byte_map: [0x00007f75dcdff000,0x00007f75dd000000] byte_map_base: 0x00007f75dc7ff000

Polling page: 0x00007f75e7101000

Code Cache  [0x00007f75dd000000, 0x00007f75dd510000, 0x00007f75e0000000)
 total_blobs=1574 nmethods=933 adapters=593 free_code_cache=44098Kb largest_free_block=45055488

Compilation events (10 events):
Event: 43.449 Thread 0x00007f75e017f800 nmethod 1030 0x00007f75dd4b7150 code [0x00007f75dd4b72a0, 0x00007f75dd4b7398]
Event: 43.455 Thread 0x00007f75e017f800 1031             org.codehaus.groovy.runtime.typehandling.DefaultTypeTransformation::asArray (92 bytes)
Event: 43.526 Thread 0x00007f75e017f800 nmethod 1031 0x00007f75dd4e1950 code [0x00007f75dd4e1c20, 0x00007f75dd4e2a80]
Event: 43.526 Thread 0x00007f75e017f800 1032             org.springframework.beans.factory.BeanFactoryUtils::isFactoryDereference (19 bytes)
Event: 43.531 Thread 0x00007f75e017f800 nmethod 1032 0x00007f75dd2242d0 code [0x00007f75dd224420, 0x00007f75dd2244d8]
Event: 43.815 Thread 0x00007f75e017f800 1033             org.springframework.util.ObjectUtils::nullSafeHashCode (183 bytes)
Event: 43.819 Thread 0x00007f75e017f800 nmethod 1033 0x00007f75dd4dc690 code [0x00007f75dd4dc860, 0x00007f75dd4dca80]
Event: 43.924 Thread 0x00007f75e0188000 nmethod 1001% 0x00007f75dd4ef790 code [0x00007f75dd4f08e0, 0x00007f75dd4fa5a8]
Event: 43.931 Thread 0x00007f75e017f800 1034             java.nio.Buffer::hasRemaining (17 bytes)
Event: 43.932 Thread 0x00007f75e017f800 nmethod 1034 0x00007f75dd4b6ed0 code [0x00007f75dd4b7000, 0x00007f75dd4b7058]

GC Heap History (10 events):
Event: 40.440 GC heap after
Heap after GC invocations=202 (full 5):
 def new generation   total 37632K, used 1457K [0x00000000c0000000, 0x00000000c28d0000, 0x00000000d0000000)
  eden space 33472K,   0% used [0x00000000c0000000, 0x00000000c0000000, 0x00000000c20b0000)
  from space 4160K,  35% used [0x00000000c20b0000, 0x00000000c221c4d0, 0x00000000c24c0000)
  to   space 4160K,   0% used [0x00000000c24c0000, 0x00000000c24c0000, 0x00000000c28d0000)
 tenured generation   total 83560K, used 63733K [0x00000000d0000000, 0x00000000d519a000, 0x00000000f0000000)
   the space 83560K,  76% used [0x00000000d0000000, 0x00000000d3e3d778, 0x00000000d3e3d800, 0x00000000d519a000)
 compacting perm gen  total 51328K, used 51207K [0x00000000f0000000, 0x00000000f3220000, 0x0000000100000000)
   the space 51328K,  99% used [0x00000000f0000000, 0x00000000f3201c90, 0x00000000f3201e00, 0x00000000f3220000)
No shared spaces configured.
}
Event: 40.888 GC heap before
{Heap before GC invocations=202 (full 5):
 def new generation   total 37632K, used 34929K [0x00000000c0000000, 0x00000000c28d0000, 0x00000000d0000000)
  eden space 33472K, 100% used [0x00000000c0000000, 0x00000000c20b0000, 0x00000000c20b0000)
  from space 4160K,  35% used [0x00000000c20b0000, 0x00000000c221c4d0, 0x00000000c24c0000)
  to   space 4160K,   0% used [0x00000000c24c0000, 0x00000000c24c0000, 0x00000000c28d0000)
 tenured generation   total 83560K, used 63733K [0x00000000d0000000, 0x00000000d519a000, 0x00000000f0000000)
   the space 83560K,  76% used [0x00000000d0000000, 0x00000000d3e3d778, 0x00000000d3e3d800, 0x00000000d519a000)
 compacting perm gen  total 52608K, used 52446K [0x00000000f0000000, 0x00000000f3360000, 0x0000000100000000)
   the space 52608K,  99% used [0x00000000f0000000, 0x00000000f3337ac0, 0x00000000f3337c00, 0x00000000f3360000)
No shared spaces configured.
Event: 40.905 GC heap after
Heap after GC invocations=203 (full 5):
 def new generation   total 37632K, used 4159K [0x00000000c0000000, 0x00000000c28d0000, 0x00000000d0000000)
  eden space 33472K,   0% used [0x00000000c0000000, 0x00000000c0000000, 0x00000000c20b0000)
  from space 4160K,  99% used [0x00000000c24c0000, 0x00000000c28cfff8, 0x00000000c28d0000)
  to   space 4160K,   0% used [0x00000000c20b0000, 0x00000000c20b0000, 0x00000000c24c0000)
 tenured generation   total 83560K, used 64877K [0x00000000d0000000, 0x00000000d519a000, 0x00000000f0000000)
   the space 83560K,  77% used [0x00000000d0000000, 0x00000000d3f5b690, 0x00000000d3f5b800, 0x00000000d519a000)
 compacting perm gen  total 52608K, used 52446K [0x00000000f0000000, 0x00000000f3360000, 0x0000000100000000)
   the space 52608K,  99% used [0x00000000f0000000, 0x00000000f3337ac0, 0x00000000f3337c00, 0x00000000f3360000)
No shared spaces configured.
}
Event: 41.452 GC heap before
{Heap before GC invocations=203 (full 5):
 def new generation   total 37632K, used 37631K [0x00000000c0000000, 0x00000000c28d0000, 0x00000000d0000000)
  eden space 33472K, 100% used [0x00000000c0000000, 0x00000000c20b0000, 0x00000000c20b0000)
  from space 4160K,  99% used [0x00000000c24c0000, 0x00000000c28cfff8, 0x00000000c28d0000)
  to   space 4160K,   0% used [0x00000000c20b0000, 0x00000000c20b0000, 0x00000000c24c0000)
 tenured generation   total 83560K, used 64877K [0x00000000d0000000, 0x00000000d519a000, 0x00000000f0000000)
   the space 83560K,  77% used [0x00000000d0000000, 0x00000000d3f5b690, 0x00000000d3f5b800, 0x00000000d519a000)
 compacting perm gen  total 52928K, used 52819K [0x00000000f0000000, 0x00000000f33b0000, 0x0000000100000000)
   the space 52928K,  99% used [0x00000000f0000000, 0x00000000f3394c28, 0x00000000f3394e00, 0x00000000f33b0000)
No shared spaces configured.
Event: 41.499 GC heap after
Heap after GC invocations=204 (full 5):
 def new generation   total 37632K, used 1654K [0x00000000c0000000, 0x00000000c28d0000, 0x00000000d0000000)
  eden space 33472K,   0% used [0x00000000c0000000, 0x00000000c0000000, 0x00000000c20b0000)
  from space 4160K,  39% used [0x00000000c20b0000, 0x00000000c224da78, 0x00000000c24c0000)
  to   space 4160K,   0% used [0x00000000c24c0000, 0x00000000c24c0000, 0x00000000c28d0000)
 tenured generation   total 83560K, used 69023K [0x00000000d0000000, 0x00000000d519a000, 0x00000000f0000000)
   the space 83560K,  82% used [0x00000000d0000000, 0x00000000d4367fb0, 0x00000000d4368000, 0x00000000d519a000)
 compacting perm gen  total 52928K, used 52819K [0x00000000f0000000, 0x00000000f33b0000, 0x0000000100000000)
   the space 52928K,  99% used [0x00000000f0000000, 0x00000000f3394c28, 0x00000000f3394e00, 0x00000000f33b0000)
No shared spaces configured.
}
Event: 42.141 GC heap before
{Heap before GC invocations=204 (full 5):
 def new generation   total 37632K, used 35126K [0x00000000c0000000, 0x00000000c28d0000, 0x00000000d0000000)
  eden space 33472K, 100% used [0x00000000c0000000, 0x00000000c20b0000, 0x00000000c20b0000)
  from space 4160K,  39% used [0x00000000c20b0000, 0x00000000c224da78, 0x00000000c24c0000)
  to   space 4160K,   0% used [0x00000000c24c0000, 0x00000000c24c0000, 0x00000000c28d0000)
 tenured generation   total 83560K, used 69023K [0x00000000d0000000, 0x00000000d519a000, 0x00000000f0000000)
   the space 83560K,  82% used [0x00000000d0000000, 0x00000000d4367fb0, 0x00000000d4368000, 0x00000000d519a000)
 compacting perm gen  total 53568K, used 53267K [0x00000000f0000000, 0x00000000f3450000, 0x0000000100000000)
   the space 53568K,  99% used [0x00000000f0000000, 0x00000000f3404d70, 0x00000000f3404e00, 0x00000000f3450000)
No shared spaces configured.
Event: 42.168 GC heap after
Heap after GC invocations=205 (full 5):
 def new generation   total 37632K, used 2937K [0x00000000c0000000, 0x00000000c28d0000, 0x00000000d0000000)
  eden space 33472K,   0% used [0x00000000c0000000, 0x00000000c0000000, 0x00000000c20b0000)
  from space 4160K,  70% used [0x00000000c24c0000, 0x00000000c279e6f8, 0x00000000c28d0000)
  to   space 4160K,   0% used [0x00000000c20b0000, 0x00000000c20b0000, 0x00000000c24c0000)
 tenured generation   total 83560K, used 69023K [0x00000000d0000000, 0x00000000d519a000, 0x00000000f0000000)
   the space 83560K,  82% used [0x00000000d0000000, 0x00000000d4367fb0, 0x00000000d4368000, 0x00000000d519a000)
 compacting perm gen  total 53568K, used 53267K [0x00000000f0000000, 0x00000000f3450000, 0x0000000100000000)
   the space 53568K,  99% used [0x00000000f0000000, 0x00000000f3404d70, 0x00000000f3404e00, 0x00000000f3450000)
No shared spaces configured.
}
Event: 43.593 GC heap before
{Heap before GC invocations=205 (full 5):
 def new generation   total 37632K, used 36409K [0x00000000c0000000, 0x00000000c28d0000, 0x00000000d0000000)
  eden space 33472K, 100% used [0x00000000c0000000, 0x00000000c20b0000, 0x00000000c20b0000)
  from space 4160K,  70% used [0x00000000c24c0000, 0x00000000c279e6f8, 0x00000000c28d0000)
  to   space 4160K,   0% used [0x00000000c20b0000, 0x00000000c20b0000, 0x00000000c24c0000)
 tenured generation   total 83560K, used 69023K [0x00000000d0000000, 0x00000000d519a000, 0x00000000f0000000)
   the space 83560K,  82% used [0x00000000d0000000, 0x00000000d4367fb0, 0x00000000d4368000, 0x00000000d519a000)
 compacting perm gen  total 53888K, used 53686K [0x00000000f0000000, 0x00000000f34a0000, 0x0000000100000000)
   the space 53888K,  99% used [0x00000000f0000000, 0x00000000f346d800, 0x00000000f346d800, 0x00000000f34a0000)
No shared spaces configured.
Event: 43.654 GC heap after
Heap after GC invocations=206 (full 5):
 def new generation   total 37632K, used 3969K [0x00000000c0000000, 0x00000000c28d0000, 0x00000000d0000000)
  eden space 33472K,   0% used [0x00000000c0000000, 0x00000000c0000000, 0x00000000c20b0000)
  from space 4160K,  95% used [0x00000000c20b0000, 0x00000000c2490508, 0x00000000c24c0000)
  to   space 4160K,   0% used [0x00000000c24c0000, 0x00000000c24c0000, 0x00000000c28d0000)
 tenured generation   total 83560K, used 70296K [0x00000000d0000000, 0x00000000d519a000, 0x00000000f0000000)
   the space 83560K,  84% used [0x00000000d0000000, 0x00000000d44a6040, 0x00000000d44a6200, 0x00000000d519a000)
 compacting perm gen  total 53888K, used 53686K [0x00000000f0000000, 0x00000000f34a0000, 0x0000000100000000)
   the space 53888K,  99% used [0x00000000f0000000, 0x00000000f346d800, 0x00000000f346d800, 0x00000000f34a0000)
No shared spaces configured.
}
Event: 43.937 GC heap before
{Heap before GC invocations=206 (full 5):
 def new generation   total 37632K, used 16708K [0x00000000c0000000, 0x00000000c28d0000, 0x00000000d0000000)
  eden space 33472K,  38% used [0x00000000c0000000, 0x00000000c0c70e38, 0x00000000c20b0000)
  from space 4160K,  95% used [0x00000000c20b0000, 0x00000000c2490508, 0x00000000c24c0000)
  to   space 4160K,   0% used [0x00000000c24c0000, 0x00000000c24c0000, 0x00000000c28d0000)
 tenured generation   total 83560K, used 70296K [0x00000000d0000000, 0x00000000d519a000, 0x00000000f0000000)
   the space 83560K,  84% used [0x00000000d0000000, 0x00000000d44a6040, 0x00000000d44a6200, 0x00000000d519a000)
 compacting perm gen  total 53888K, used 53887K [0x00000000f0000000, 0x00000000f34a0000, 0x0000000100000000)
   the space 53888K,  99% used [0x00000000f0000000, 0x00000000f349ffd8, 0x00000000f34a0000, 0x00000000f34a0000)
No shared spaces configured.

Deoptimization events (10 events):
Event: 41.786 Thread 0x00007f75c8001800 Uncommon trap: reason=class_check action=maybe_recompile pc=0x00007f75dd44b7ac method=java.lang.reflect.Method.getAnnotation(Ljava/lang/Class;)Ljava/lang/annotation/Annotation; @ 22
Event: 41.787 Thread 0x00007f75c8001800 Uncommon trap: reason=class_check action=maybe_recompile pc=0x00007f75dd1a13e8 method=java.lang.reflect.Method.getAnnotation(Ljava/lang/Class;)Ljava/lang/annotation/Annotation; @ 22
Event: 41.800 Thread 0x00007f75c8001800 Uncommon trap: reason=unreached action=reinterpret pc=0x00007f75dd4030f0 method=org.springsource.loaded.ri.ReflectiveInterceptor.jlClassGetAnnotation(Ljava/lang/Class;Ljava/lang/Class;)Ljava/lang/annotation/Annotation; @ 60
Event: 42.329 Thread 0x00007f75c8001800 Uncommon trap: reason=bimorphic action=maybe_recompile pc=0x00007f75dd41689c method=groovy.lang.MetaMethod.getMopName()Ljava/lang/String; @ 8
Event: 42.467 Thread 0x00007f75c8001800 Uncommon trap: reason=bimorphic action=maybe_recompile pc=0x00007f75dd41689c method=groovy.lang.MetaMethod.getMopName()Ljava/lang/String; @ 8
Event: 42.467 Thread 0x00007f75c8001800 Uncommon trap: reason=class_check action=maybe_recompile pc=0x00007f75dd32e3ec method=groovy.lang.MetaMethod.getMopName()Ljava/lang/String; @ 8
Event: 42.540 Thread 0x00007f75c8001800 Uncommon trap: reason=class_check action=maybe_recompile pc=0x00007f75dd2b361c method=java.util.concurrent.ConcurrentHashMap.containsKey(Ljava/lang/Object;)Z @ 117
Event: 42.552 Thread 0x00007f75c8001800 Uncommon trap: reason=class_check action=maybe_recompile pc=0x00007f75dd2b361c method=java.util.concurrent.ConcurrentHashMap.containsKey(Ljava/lang/Object;)Z @ 117
Event: 42.553 Thread 0x00007f75c8001800 Uncommon trap: reason=class_check action=maybe_recompile pc=0x00007f75dd2b361c method=java.util.concurrent.ConcurrentHashMap.containsKey(Ljava/lang/Object;)Z @ 117
Event: 42.553 Thread 0x00007f75c8001800 Uncommon trap: reason=class_check action=maybe_recompile pc=0x00007f75dd2b361c method=java.util.concurrent.ConcurrentHashMap.containsKey(Ljava/lang/Object;)Z @ 117

Internal exceptions (10 events):
Event: 43.932 Thread 0x00007f75c8001800 Threw 0x00000000c0bd5168 at /HUDSON/workspace/7u-2-build-linux-amd64/jdk7u60/1081/hotspot/src/share/vm/prims/jvm.cpp:1244
Event: 43.932 Thread 0x00007f75c8001800 Threw 0x00000000c0bd78a0 at /HUDSON/workspace/7u-2-build-linux-amd64/jdk7u60/1081/hotspot/src/share/vm/prims/jvm.cpp:1244
Event: 43.933 Thread 0x00007f75c8001800 Threw 0x00000000c0be69c8 at /HUDSON/workspace/7u-2-build-linux-amd64/jdk7u60/1081/hotspot/src/share/vm/prims/jvm.cpp:1244
Event: 43.933 Thread 0x00007f75c8001800 Threw 0x00000000c0be8f20 at /HUDSON/workspace/7u-2-build-linux-amd64/jdk7u60/1081/hotspot/src/share/vm/prims/jvm.cpp:1244
Event: 43.933 Thread 0x00007f75c8001800 Threw 0x00000000c0bf9208 at /HUDSON/workspace/7u-2-build-linux-amd64/jdk7u60/1081/hotspot/src/share/vm/prims/jvm.cpp:1244
Event: 43.934 Thread 0x00007f75c8001800 Threw 0x00000000c0bfcce8 at /HUDSON/workspace/7u-2-build-linux-amd64/jdk7u60/1081/hotspot/src/share/vm/prims/jvm.cpp:1244
Event: 43.934 Thread 0x00007f75c8001800 Threw 0x00000000c0c12f70 at /HUDSON/workspace/7u-2-build-linux-amd64/jdk7u60/1081/hotspot/src/share/vm/prims/jvm.cpp:1244
Event: 43.934 Thread 0x00007f75c8001800 Threw 0x00000000c0c16a38 at /HUDSON/workspace/7u-2-build-linux-amd64/jdk7u60/1081/hotspot/src/share/vm/prims/jvm.cpp:1244
Event: 43.935 Thread 0x00007f75c8001800 Threw 0x00000000c0c42b60 at /HUDSON/workspace/7u-2-build-linux-amd64/jdk7u60/1081/hotspot/src/share/vm/prims/jvm.cpp:1244
Event: 43.935 Thread 0x00007f75c8001800 Threw 0x00000000c0c462c8 at /HUDSON/workspace/7u-2-build-linux-amd64/jdk7u60/1081/hotspot/src/share/vm/prims/jvm.cpp:1244

Events (10 events):
Event: 43.932 loading class 0x00007f75d427b870 done
Event: 43.933 loading class 0x00007f75d4aad2c0
Event: 43.933 loading class 0x00007f75d4aad2c0 done
Event: 43.933 loading class 0x00007f75d4aac9c0
Event: 43.933 loading class 0x00007f75d4aac9c0 done
Event: 43.934 loading class 0x00007f75d4aaca90
Event: 43.934 loading class 0x00007f75d4aaca90 done
Event: 43.935 loading class 0x00007f75d4aacae0
Event: 43.935 loading class 0x00007f75d4aacae0 done
Event: 43.936 Executing VM operation: GenCollectForPermanentAllocation


Dynamic libraries:
00400000-00401000 r-xp 00000000 fd:01 1190829                            /usr/lib/jvm/java-7-oracle/bin/java
00600000-00601000 rw-p 00000000 fd:01 1190829                            /usr/lib/jvm/java-7-oracle/bin/java
009c5000-009e6000 rw-p 00000000 00:00 0                                  [heap]
c0000000-c28d0000 rw-p 00000000 00:00 0 
c28d0000-d0000000 rw-p 00000000 00:00 0 
d0000000-d519a000 rw-p 00000000 00:00 0 
d794d000-f0000000 rw-p 00000000 00:00 0 
f0000000-f34a0000 rw-p 00000000 00:00 0 
f34a0000-100000000 rw-p 00000000 00:00 0 
7f75b8000000-7f75b8021000 rw-p 00000000 00:00 0 
7f75b8021000-7f75bc000000 ---p 00000000 00:00 0 
7f75c0000000-7f75c1987000 rw-p 00000000 00:00 0 
7f75c1987000-7f75c4000000 ---p 00000000 00:00 0 
7f75c6b59000-7f75c6b5a000 rw-p 00000000 00:00 0 
7f75c6b5a000-7f75c6b65000 r--s 0037c000 fd:01 932607                     /usr/lib/jvm/java-7-oracle/jre/lib/charsets.jar
7f75c6b65000-7f75c6b68000 ---p 00000000 00:00 0 
7f75c6b68000-7f75c6c66000 rw-p 00000000 00:00 0                          [stack:3021]
7f75c6c66000-7f75c6c69000 ---p 00000000 00:00 0 
7f75c6c69000-7f75c6d67000 rw-p 00000000 00:00 0                          [stack:3020]
7f75c6d67000-7f75c6d6a000 ---p 00000000 00:00 0 
7f75c6d6a000-7f75c6e68000 rw-p 00000000 00:00 0                          [stack:3019]
7f75c6e68000-7f75c6e6b000 ---p 00000000 00:00 0 
7f75c6e6b000-7f75c6f69000 rw-p 00000000 00:00 0                          [stack:3018]
7f75c6f69000-7f75c6f6c000 ---p 00000000 00:00 0 
7f75c6f6c000-7f75c706a000 rw-p 00000000 00:00 0                          [stack:3017]
7f75c706a000-7f75c706d000 ---p 00000000 00:00 0 
7f75c706d000-7f75c716b000 rw-p 00000000 00:00 0                          [stack:3016]
7f75c716b000-7f75c7173000 r-xp 00000000 fd:01 932669                     /usr/lib/jvm/java-7-oracle/jre/lib/amd64/libmanagement.so
7f75c7173000-7f75c7372000 ---p 00008000 fd:01 932669                     /usr/lib/jvm/java-7-oracle/jre/lib/amd64/libmanagement.so
7f75c7372000-7f75c7373000 rw-p 00007000 fd:01 932669                     /usr/lib/jvm/java-7-oracle/jre/lib/amd64/libmanagement.so
7f75c7373000-7f75c7376000 ---p 00000000 00:00 0 
7f75c7376000-7f75c7474000 rw-p 00000000 00:00 0                          [stack:3015]
7f75c7474000-7f75c7477000 r--s 00012000 fd:01 399634                     /root/.m2/repository/javax/servlet/javax.servlet-api/3.0.1/javax.servlet-api-3.0.1.jar
7f75c7477000-7f75c747c000 r--s 00040000 fd:01 398843                     /root/.m2/repository/org/grails/grails-project-api/2.4.0/grails-project-api-2.4.0.jar
7f75c747c000-7f75c748d000 r--s 000d2000 fd:01 399844                     /root/.m2/repository/org/liquibase/liquibase-core/2.0.5/liquibase-core-2.0.5.jar
7f75c748d000-7f75c7491000 r--s 0000c000 fd:01 399843                     /root/.m2/repository/javax/validation/validation-api/1.1.0.Final/validation-api-1.1.0.Final.jar
7f75c7491000-7f75c7497000 r--s 0004c000 fd:01 399842                     /root/.m2/repository/org/grails/grails-datastore-simple/3.1.0.RELEASE/grails-datastore-simple-3.1.0.RELEASE.jar
7f75c7497000-7f75c749c000 r--s 00048000 fd:01 399838                     /root/.m2/repository/dom4j/dom4j/1.6.1/dom4j-1.6.1.jar
7f75c749c000-7f75c749e000 r--s 0000a000 fd:01 399837                     /root/.m2/repository/org/grails/grails-datastore-gorm-plugin-support/3.1.0.RELEASE/grails-datastore-gorm-plugin-support-3.1.0.RELEASE.jar
7f75c749e000-7f75c74a4000 r--s 00041000 fd:01 399834                     /root/.m2/repository/org/grails/grails-datastore-gorm-hibernate-core/3.1.0.RELEASE/grails-datastore-gorm-hibernate-core-3.1.0.RELEASE.jar
7f75c74a4000-7f75c74a7000 r--s 00010000 fd:01 399833                     /root/.m2/repository/org/hibernate/common/hibernate-commons-annotations/4.0.4.Final/hibernate-commons-annotations-4.0.4.Final.jar
7f75c74a7000-7f75c74af000 r--s 00064000 fd:01 399830                     /root/.m2/repository/org/grails/grails-datastore-gorm-hibernate4/3.1.0.RELEASE/grails-datastore-gorm-hibernate4-3.1.0.RELEASE.jar
7f75c74af000-7f75c74b8000 r--s 00081000 fd:01 399828                     /root/.m2/repository/org/grails/grails-datastore-gorm/3.1.0.RELEASE/grails-datastore-gorm-3.1.0.RELEASE.jar
7f75c74b8000-7f75c74b9000 r--s 00003000 fd:01 399826                     /root/.m2/repository/javax/transaction/jta/1.1/jta-1.1.jar
7f75c74b9000-7f75c74c2000 r--s 000a5000 fd:01 399824                     /root/.m2/repository/org/javassist/javassist/3.17.1-GA/javassist-3.17.1-GA.jar
7f75c74c2000-7f75c74cd000 r--s 00052000 fd:01 399804                     /root/.m2/repository/org/grails/grails-datastore-core/3.1.0.RELEASE/grails-datastore-core-3.1.0.RELEASE.jar
7f75c74cd000-7f75c74cf000 r--s 0000d000 fd:01 399822                     /root/.m2/repository/org/jboss/logging/jboss-logging/3.1.0.GA/jboss-logging-3.1.0.GA.jar
7f75c74cf000-7f75c74e5000 r--s 000e6000 fd:01 399820                     /root/.m2/repository/net/sf/ehcache/ehcache-core/2.4.8/ehcache-core-2.4.8.jar
7f75c74e5000-7f75c74e7000 r--s 0000d000 fd:01 399817                     /root/.m2/repository/com/fasterxml/classmate/1.0.0/classmate-1.0.0.jar
7f75c74e7000-7f75c74f4000 r--s 00080000 fd:01 399814                     /root/.m2/repository/org/hibernate/hibernate-validator/5.0.3.Final/hibernate-validator-5.0.3.Final.jar
7f75c74f4000-7f75c74f6000 r--s 00011000 fd:01 399813                     /root/.m2/repository/org/jboss/jandex/1.1.0.Final/jandex-1.1.0.Final.jar
7f75c74f6000-7f75c74fb000 r--s 00068000 fd:01 399811                     /root/.m2/repository/antlr/antlr/2.7.7/antlr-2.7.7.jar
7f75c74fb000-7f75c74fc000 r--s 00006000 fd:01 399809                     /root/.m2/repository/org/jboss/spec/javax/transaction/jboss-transaction-api_1.2_spec/1.0.0.Final/jboss-transaction-api_1.2_spec-1.0.0.Final.jar
7f75c74fc000-7f75c7559000 r--s 004a0000 fd:01 399806                     /root/.m2/repository/org/hibernate/hibernate-core/4.3.5.Final/hibernate-core-4.3.5.Final.jar
7f75c7559000-7f75c755d000 r--s 0001e000 fd:01 399796                     /root/.m2/repository/org/hibernate/hibernate-ehcache/4.3.5.Final/hibernate-ehcache-4.3.5.Final.jar
7f75c755d000-7f75c756a000 r--s 00109000 fd:01 399800                     /root/.m2/repository/org/mozilla/rhino/1.7R4/rhino-1.7R4.jar
7f75c756a000-7f75c7570000 r--s 0004a000 fd:01 399798                     /root/.m2/repository/cglib/cglib-nodep/2.2.2/cglib-nodep-2.2.2.jar
7f75c7570000-7f75c757a000 r--s 0005e000 fd:01 399797                     /root/.m2/repository/org/springframework/spring-jdbc/4.0.5.RELEASE/spring-jdbc-4.0.5.RELEASE.jar
7f75c757a000-7f75c757c000 r--s 0000e000 fd:01 399795                     /root/.m2/repository/commons-logging/commons-logging/1.1.3/commons-logging-1.1.3.jar
7f75c757c000-7f75c7590000 r--s 000db000 fd:01 399793                     /root/.m2/repository/org/springframework/spring-core/4.0.5.RELEASE/spring-core-4.0.5.RELEASE.jar
7f75c7590000-7f75c759c000 r--s 00098000 fd:01 399790                     /root/.m2/repository/org/springframework/spring-beans/4.0.5.RELEASE/spring-beans-4.0.5.RELEASE.jar
7f75c759c000-7f75c75a4000 r--s 00052000 fd:01 399788                     /root/.m2/repository/org/springframework/spring-orm/4.0.5.RELEASE/spring-orm-4.0.5.RELEASE.jar
7f75c75a4000-7f75c75a7000 r--s 00083000 fd:01 399786                     /root/.m2/repository/org/grails/grails-resources/2.4.0/grails-resources-2.4.0.jar
7f75c75a7000-7f75c75b7000 r-xp 00000000 fd:01 932682                     /usr/lib/jvm/java-7-oracle/jre/lib/amd64/libnio.so
7f75c75b7000-7f75c77b7000 ---p 00010000 fd:01 932682                     /usr/lib/jvm/java-7-oracle/jre/lib/amd64/libnio.so
7f75c77b7000-7f75c77b8000 rw-p 00010000 fd:01 932682                     /usr/lib/jvm/java-7-oracle/jre/lib/amd64/libnio.so
7f75c77b8000-7f75c77b9000 r--s 00002000 fd:01 399805                     /root/.m2/repository/org/jboss/logging/jboss-logging-annotations/1.2.0.Beta1/jboss-logging-annotations-1.2.0.Beta1.jar
7f75c77b9000-7f75c77c6000 r--s 00174000 fd:01 399782                     /root/.m2/repository/com/h2database/h2/1.3.173/h2-1.3.173.jar
7f75c77c6000-7f75c77ca000 r--s 00021000 fd:01 399775                     /root/.m2/repository/org/grails/grails-plugin-converters/2.4.0/grails-plugin-converters-2.4.0.jar
7f75c77ca000-7f75c77cc000 r--s 0000e000 fd:01 399773                     /root/.m2/repository/org/grails/grails-plugin-mimetypes/2.4.0/grails-plugin-mimetypes-2.4.0.jar
7f75c77cc000-7f75c77cf000 r--s 00018000 fd:01 399769                     /root/.m2/repository/org/grails/grails-plugin-domain-class/2.4.0/grails-plugin-domain-class-2.4.0.jar
7f75c77cf000-7f75c77d0000 r--s 0000e000 fd:01 399762                     /root/.m2/repository/org/codehaus/jsr166-mirror/jsr166y/1.7.0/jsr166y-1.7.0.jar
7f75c77d0000-7f75c77ec000 r--s 00136000 fd:01 399758                     /root/.m2/repository/org/codehaus/gpars/gpars/1.2.0/gpars-1.2.0.jar
7f75c77ec000-7f75c77ee000 r--s 00011000 fd:01 399739                     /root/.m2/repository/org/grails/grails-async/2.4.0/grails-async-2.4.0.jar
7f75c77ee000-7f75c77f0000 r--s 0000e000 fd:01 399756                     /root/.m2/repository/org/grails/grails-plugin-async/2.4.0/grails-plugin-async-2.4.0.jar
7f75c77f0000-7f75c77f4000 r--s 00028000 fd:01 399753                     /root/.m2/repository/commons-validator/commons-validator/1.4.0/commons-validator-1.4.0.jar
7f75c77f4000-7f75c77f7000 r--s 00012000 fd:01 399749                     /root/.m2/repository/org/grails/grails-validation/2.4.0/grails-validation-2.4.0.jar
7f75c77f7000-7f75c77fb000 r--s 00019000 fd:01 399751                     /root/.m2/repository/com/googlecode/concurrentlinkedhashmap/concurrentlinkedhashmap-lru/1.4/concurrentlinkedhashmap-lru-1.4.jar
7f75c77fb000-7f75c77fd000 r--s 0000e000 fd:01 399746                     /root/.m2/repository/org/grails/grails-plugin-url-mappings/2.4.0/grails-plugin-url-mappings-2.4.0.jar
7f75c77fd000-7f75c77fe000 r--s 00006000 fd:01 399745                     /root/.m2/repository/org/grails/grails-plugin-servlets/2.4.0/grails-plugin-servlets-2.4.0.jar
7f75c77fe000-7f75c7805000 r--s 00036000 fd:01 399744                     /root/.m2/repository/org/springframework/spring-tx/4.0.5.RELEASE/spring-tx-4.0.5.RELEASE.jar
7f75c7805000-7f75c7807000 r--s 00009000 fd:01 399740                     /root/.m2/repository/org/grails/grails-plugin-services/2.4.0/grails-plugin-services-2.4.0.jar
7f75c7807000-7f75c7808000 r--s 00001000 fd:01 399720                     /root/.m2/repository/org/slf4j/jul-to-slf4j/1.7.5/jul-to-slf4j-1.7.5.jar
7f75c7808000-7f75c7817000 r--s 00096000 fd:01 399736                     /root/.m2/repository/org/springframework/spring-web/4.0.5.RELEASE/spring-web-4.0.5.RELEASE.jar
7f75c7817000-7f75c781c000 r--s 0002a000 fd:01 399732                     /root/.m2/repository/org/grails/grails-encoder/2.4.0/grails-encoder-2.4.0.jar
7f75c781c000-7f75c7822000 r--s 00033000 fd:01 399731                     /root/.m2/repository/commons-codec/commons-codec/1.6/commons-codec-1.6.jar
7f75c7822000-7f75c7824000 r--s 00012000 fd:01 399730                     /root/.m2/repository/org/grails/grails-plugin-codecs/2.4.0/grails-plugin-codecs-2.4.0.jar
7f75c7824000-7f75c7825000 r--s 00000000 fd:01 399727                     /root/.m2/repository/org/grails/grails-logging/2.4.0/grails-logging-2.4.0.jar
7f75c7825000-7f75c782b000 r--s 00057000 fd:01 399725                     /root/.m2/repository/org/grails/grails-plugin-gsp/2.4.0/grails-plugin-gsp-2.4.0.jar
7f75c782b000-7f75c782d000 r--s 0000b000 fd:01 399723                     /root/.m2/repository/org/grails/grails-plugin-filters/2.4.0/grails-plugin-filters-2.4.0.jar
7f75c782d000-7f75c7832000 r--s 00041000 fd:01 398859                     /root/.m2/repository/commons-lang/commons-lang/2.6/commons-lang-2.6.jar
7f75c7832000-7f75c7833000 r--s 00005000 fd:01 399721                     /root/.m2/repository/org/grails/grails-plugin-i18n/2.4.0/grails-plugin-i18n-2.4.0.jar
7f75c7833000-7f75c7838000 r--s 00017000 fd:01 399719                     /root/.m2/repository/org/hibernate/javax/persistence/hibernate-jpa-2.1-api/1.0.0.Final/hibernate-jpa-2.1-api-1.0.0.Final.jar
7f75c7838000-7f75c783a000 r--s 00000000 fd:01 399716                     /root/.m2/repository/aopalliance/aopalliance/1.0/aopalliance-1.0.jar
7f75c783a000-7f75c783c000 r--s 00009000 fd:01 399715                     /root/.m2/repository/org/grails/grails-spring/2.4.0/grails-spring-2.4.0.jar
7f75c783c000-7f75c783f000 r--s 00041000 fd:01 398816                     /root/.m2/repository/xalan/serializer/2.7.1/serializer-2.7.1.jar
7f75c783f000-7f75c784c000 r--s 000a7000 fd:01 399713                     /root/.m2/repository/org/grails/grails-core/2.4.0/grails-core-2.4.0.jar
7f75c784c000-7f75c784d000 r--s 00005000 fd:01 399711                     /root/.m2/repository/org/grails/grails-plugin-databinding/2.4.0/grails-plugin-databinding-2.4.0.jar
7f75c784d000-7f75c7852000 r--s 0002a000 fd:01 399709                     /root/.m2/repository/com/google/code/gson/gson/2.2.4/gson-2.2.4.jar
7f75c7852000-7f75c7856000 r--s 00027000 fd:01 399707                     /root/.m2/repository/commons-io/commons-io/2.2/commons-io-2.2.jar
7f75c7856000-7f75c7858000 r--s 0000f000 fd:01 399705                     /root/.m2/repository/commons-fileupload/commons-fileupload/1.3.1/commons-fileupload-1.3.1.jar
7f75c7858000-7f75c785b000 r--s 00023000 fd:01 399700                     /root/.m2/repository/org/grails/grails-web-url-mappings/2.4.0/grails-web-url-mappings-2.4.0.jar
7f75c785b000-7f75c785f000 r--s 00019000 fd:01 399698                     /root/.m2/repository/org/aspectj/aspectjrt/1.8.0/aspectjrt-1.8.0.jar
7f75c785f000-7f75c7863000 r--s 0001e000 fd:01 399696                     /root/.m2/repository/org/springframework/spring-context-support/4.0.5.RELEASE/spring-context-support-4.0.5.RELEASE.jar
7f75c7863000-7f75c786f000 r--s 00096000 fd:01 399694                     /root/.m2/repository/org/springframework/spring-webmvc/4.0.5.RELEASE/spring-webmvc-4.0.5.RELEASE.jar
7f75c786f000-7f75c7874000 r--s 00030000 fd:01 399693                     /root/.m2/repository/org/grails/grails-web-common/2.4.0/grails-web-common-2.4.0.jar
7f75c7874000-7f75c788c000 r--s 001aa000 fd:01 399691                     /root/.m2/repository/org/aspectj/aspectjweaver/1.8.0/aspectjweaver-1.8.0.jar
7f75c788c000-7f75c7890000 r--s 00024000 fd:01 399689                     /root/.m2/repository/org/grails/grails-web-jsp/2.4.0/grails-web-jsp-2.4.0.jar
7f75c7890000-7f75c7892000 r--s 0000b000 fd:01 399687                     /root/.m2/repository/org/springframework/spring-aspects/4.0.5.RELEASE/spring-aspects-4.0.5.RELEASE.jar
7f75c7892000-7f75c7894000 r--s 00009000 fd:01 399674                     /root/.m2/repository/org/grails/grails-web-mvc/2.4.0/grails-web-mvc-2.4.0.jar
7f75c7894000-7f75c789a000 r--s 00027000 fd:01 399684                     /root/.m2/repository/opensymphony/sitemesh/2.4/sitemesh-2.4.jar
7f75c789a000-7f75c789c000 r--s 0000b000 fd:01 399682                     /root/.m2/repository/org/grails/grails-web-sitemesh/2.4.0/grails-web-sitemesh-2.4.0.jar
7f75c789c000-7f75c789e000 r--s 00012000 fd:01 399678                     /root/.m2/repository/org/grails/grails-databinding/2.4.0/grails-databinding-2.4.0.jar
7f75c789e000-7f75c78a1000 r--s 0001c000 fd:01 399677                     /root/.m2/repository/org/grails/grails-web-databinding/2.4.0/grails-web-databinding-2.4.0.jar
7f75c78a1000-7f75c78a9000 r--s 0005b000 fd:01 399675                     /root/.m2/repository/org/grails/grails-web-gsp/2.4.0/grails-web-gsp-2.4.0.jar
7f75c78a9000-7f75c78ab000 r--s 00009000 fd:01 399672                     /root/.m2/repository/org/grails/grails-web/2.4.0/grails-web-2.4.0.jar
7f75c78ab000-7f75c78b0000 r--s 0002e000 fd:01 399670                     /root/.m2/repository/org/springframework/spring-expression/4.0.5.RELEASE/spring-expression-4.0.5.RELEASE.jar
7f75c78b0000-7f75c78b9000 r--s 0004e000 fd:01 399655                     /root/.m2/repository/org/springframework/spring-aop/4.0.5.RELEASE/spring-aop-4.0.5.RELEASE.jar
7f75c78b9000-7f75c78d0000 r--s 000d8000 fd:01 399666                     /root/.m2/repository/org/springframework/spring-context/4.0.5.RELEASE/spring-context-4.0.5.RELEASE.jar
7f75c78d0000-7f75c78d2000 r--s 00008000 fd:01 399665                     /root/.m2/repository/org/apache/tomcat/tomcat-juli/7.0.50/tomcat-juli-7.0.50.jar
7f75c78d2000-7f75c78d4000 r--s 0001d000 fd:01 399664                     /root/.m2/repository/org/apache/tomcat/tomcat-jdbc/7.0.50/tomcat-jdbc-7.0.50.jar
7f75c78d4000-7f75c78d6000 r--s 0000d000 fd:01 399656                     /root/.m2/repository/org/grails/grails-plugin-datasource/2.4.0/grails-plugin-datasource-2.4.0.jar
7f75c78d6000-7f75c78d8000 r--s 00008000 fd:01 399658                     /root/.m2/repository/org/grails/grails-plugin-validation/2.4.0/grails-plugin-validation-2.4.0.jar
7f75c78d8000-7f75c78dc000 r--s 00036000 fd:01 399647                     /root/.m2/repository/org/grails/grails-plugin-rest/2.4.0/grails-plugin-rest-2.4.0.jar
7f75c78dc000-7f75c78e5000 r--s 00251000 fd:01 932758                     /usr/lib/jvm/java-7-oracle/jre/lib/resources.jar
7f75c78e5000-7f75c78fb000 r-xp 00000000 fd:01 932696                     /usr/lib/jvm/java-7-oracle/jre/lib/amd64/libnet.so
7f75c78fb000-7f75c7afb000 ---p 00016000 fd:01 932696                     /usr/lib/jvm/java-7-oracle/jre/lib/amd64/libnet.so
7f75c7afb000-7f75c7afc000 rw-p 00016000 fd:01 932696                     /usr/lib/jvm/java-7-oracle/jre/lib/amd64/libnet.so
7f75c7afc000-7f75c7aff000 ---p 00000000 00:00 0 
7f75c7aff000-7f75c7bfd000 rw-p 00000000 00:00 0                          [stack:3008]
7f75c7bfd000-7f75c7bfe000 r-xp 00000000 fd:01 270024                     /tmp/libjansi-64-3579607044809478946.so
7f75c7bfe000-7f75c7dfd000 ---p 00001000 fd:01 270024                     /tmp/libjansi-64-3579607044809478946.so
7f75c7dfd000-7f75c7dfe000 rw-p 00000000 fd:01 270024                     /tmp/libjansi-64-3579607044809478946.so
7f75c7dfe000-7f75c7dff000 ---p 00000000 00:00 0 
7f75c7dff000-7f75c7eff000 rw-p 00000000 00:00 0                          [stack:2999]
7f75c7eff000-7f75c7f02000 ---p 00000000 00:00 0 
7f75c7f02000-7f75c8000000 rw-p 00000000 00:00 0                          [stack:2998]
7f75c8000000-7f75c8021000 rw-p 00000000 00:00 0 
7f75c8021000-7f75cc000000 ---p 00000000 00:00 0 
7f75cc000000-7f75cd705000 rw-p 00000000 00:00 0 
7f75cd705000-7f75d0000000 ---p 00000000 00:00 0 
7f75d0000000-7f75d0021000 rw-p 00000000 00:00 0 
7f75d0021000-7f75d4000000 ---p 00000000 00:00 0 
7f75d4000000-7f75d4ac4000 rw-p 00000000 00:00 0 
7f75d4ac4000-7f75d8000000 ---p 00000000 00:00 0 
7f75d8000000-7f75d838c000 rw-p 00000000 00:00 0 
7f75d838c000-7f75dc000000 ---p 00000000 00:00 0 
7f75dc000000-7f75dc003000 r--s 00020000 fd:01 399652                     /root/.m2/repository/org/grails/grails-plugin-controllers/2.4.0/grails-plugin-controllers-2.4.0.jar
7f75dc003000-7f75dc005000 r--s 00001000 fd:01 932746                     /usr/lib/jvm/java-7-oracle/jre/lib/ext/dnsns.jar
7f75dc005000-7f75dc008000 ---p 00000000 00:00 0 
7f75dc008000-7f75dc03e000 rw-p 00000000 00:00 0                          [stack:3001]
7f75dc03e000-7f75dc042000 r--s 0008a000 fd:01 932710                     /usr/lib/jvm/java-7-oracle/jre/lib/jsse.jar
7f75dc042000-7f75dc045000 ---p 00000000 00:00 0 
7f75dc045000-7f75dc143000 rw-p 00000000 00:00 0                          [stack:2997]
7f75dc143000-7f75dc146000 ---p 00000000 00:00 0 
7f75dc146000-7f75dc244000 rw-p 00000000 00:00 0                          [stack:2996]
7f75dc244000-7f75dc24a000 r--s 0005f000 fd:01 267184                     /root/.gvm/grails/2.4.0/lib/org.springframework/springloaded/jars/springloaded-1.2.0.RELEASE.jar
7f75dc24a000-7f75dc24f000 r--s 0002f000 fd:01 398818                     /root/.m2/repository/org/apache/tomcat/embed/tomcat-embed-websocket/7.0.53/tomcat-embed-websocket-7.0.53.jar
7f75dc24f000-7f75dc270000 r--s 00267000 fd:01 398877                     /root/.m2/repository/org/apache/tomcat/embed/tomcat-embed-core/7.0.53/tomcat-embed-core-7.0.53.jar
7f75dc270000-7f75dc280000 r--s 0019c000 fd:01 398875                     /root/.m2/repository/org/eclipse/jdt/core/compiler/ecj/3.7.2/ecj-3.7.2.jar
7f75dc280000-7f75dc2eb000 r--s 0067e000 fd:01 399639                     /root/.m2/repository/org/codehaus/groovy/groovy-all/2.3.1/groovy-all-2.3.1.jar
7f75dc2eb000-7f75dc356000 r--s 00e22000 fd:01 1190783                    /usr/lib/jvm/java-7-oracle/lib/tools.jar
7f75dc356000-7f75dc359000 ---p 00000000 00:00 0 
7f75dc359000-7f75dc457000 rw-p 00000000 00:00 0                          [stack:2995]
7f75dc457000-7f75dc720000 r--p 00000000 fd:01 923282                     /usr/lib/locale/locale-archive
7f75dc720000-7f75dc723000 ---p 00000000 00:00 0 
7f75dc723000-7f75dc821000 rw-p 00000000 00:00 0                          [stack:2994]
7f75dc821000-7f75dc824000 ---p 00000000 00:00 0 
7f75dc824000-7f75dc922000 rw-p 00000000 00:00 0                          [stack:2993]
7f75dc922000-7f75dc923000 ---p 00000000 00:00 0 
7f75dc923000-7f75dca6e000 rw-p 00000000 00:00 0                          [stack:2992]
7f75dca6e000-7f75dcc2d000 r--s 039e2000 fd:01 932713                     /usr/lib/jvm/java-7-oracle/jre/lib/rt.jar
7f75dcc2d000-7f75dcd27000 rw-p 00000000 00:00 0 
7f75dcd27000-7f75dcdff000 rw-p 00000000 00:00 0 
7f75dcdff000-7f75dce14000 rw-p 00000000 00:00 0 
7f75dce14000-7f75dce7f000 rw-p 00000000 00:00 0 
7f75dce7f000-7f75dcea8000 rw-p 00000000 00:00 0 
7f75dcea8000-7f75dcf7f000 rw-p 00000000 00:00 0 
7f75dcf7f000-7f75dcf9a000 rw-p 00000000 00:00 0 
7f75dcf9a000-7f75dcfff000 rw-p 00000000 00:00 0 
7f75dcfff000-7f75dd000000 rw-p 00000000 00:00 0 
7f75dd000000-7f75dd510000 rwxp 00000000 00:00 0 
7f75dd510000-7f75e098b000 rw-p 00000000 00:00 0 
7f75e098b000-7f75e4000000 ---p 00000000 00:00 0 
7f75e4000000-7f75e4002000 r--s 0000e000 fd:01 400360                     /root/CIS/retreate/target/work/plugins/tomcat-7.0.53/grails-plugin-tomcat-7.0.53.jar
7f75e4002000-7f75e4004000 r--s 00013000 fd:01 398871                     /root/.m2/repository/org/apache/tomcat/embed/tomcat-embed-logging-log4j/7.0.53/tomcat-embed-logging-log4j-7.0.53.jar
7f75e4004000-7f75e400d000 r--s 0009f000 fd:01 398868                     /root/.m2/repository/org/apache/tomcat/embed/tomcat-embed-jasper/7.0.53/tomcat-embed-jasper-7.0.53.jar
7f75e400d000-7f75e4011000 r--s 00027000 fd:01 398870                     /root/.m2/repository/org/apache/tomcat/embed/tomcat-embed-el/7.0.53/tomcat-embed-el-7.0.53.jar
7f75e4011000-7f75e4013000 r--s 0000c000 fd:01 398865                     /root/.m2/repository/org/apache/tomcat/tomcat-catalina-ant/7.0.53/tomcat-catalina-ant-7.0.53.jar
7f75e4013000-7f75e4028000 r--s 00116000 fd:01 398841                     /root/.m2/repository/org/apache/ivy/ivy/2.3.0/ivy-2.3.0.jar
7f75e4028000-7f75e4046000 r--s 001bd000 fd:01 398825                     /root/.m2/repository/org/apache/ant/ant/1.8.4/ant-1.8.4.jar
7f75e4046000-7f75e4061000 rw-p 00000000 00:00 0 
7f75e4061000-7f75e40c7000 rw-p 00000000 00:00 0 
7f75e40c7000-7f75e40e1000 r-xp 00000000 fd:01 932686                     /usr/lib/jvm/java-7-oracle/jre/lib/amd64/libzip.so
7f75e40e1000-7f75e42e1000 ---p 0001a000 fd:01 932686                     /usr/lib/jvm/java-7-oracle/jre/lib/amd64/libzip.so
7f75e42e1000-7f75e42e2000 rw-p 0001a000 fd:01 932686                     /usr/lib/jvm/java-7-oracle/jre/lib/amd64/libzip.so
7f75e42e2000-7f75e42ed000 r-xp 00000000 fd:01 393443                     /lib/x86_64-linux-gnu/libnss_files-2.19.so
7f75e42ed000-7f75e44ec000 ---p 0000b000 fd:01 393443                     /lib/x86_64-linux-gnu/libnss_files-2.19.so
7f75e44ec000-7f75e44ed000 r--p 0000a000 fd:01 393443                     /lib/x86_64-linux-gnu/libnss_files-2.19.so
7f75e44ed000-7f75e44ee000 rw-p 0000b000 fd:01 393443                     /lib/x86_64-linux-gnu/libnss_files-2.19.so
7f75e44ee000-7f75e44f9000 r-xp 00000000 fd:01 393447                     /lib/x86_64-linux-gnu/libnss_nis-2.19.so
7f75e44f9000-7f75e46f8000 ---p 0000b000 fd:01 393447                     /lib/x86_64-linux-gnu/libnss_nis-2.19.so
7f75e46f8000-7f75e46f9000 r--p 0000a000 fd:01 393447                     /lib/x86_64-linux-gnu/libnss_nis-2.19.so
7f75e46f9000-7f75e46fa000 rw-p 0000b000 fd:01 393447                     /lib/x86_64-linux-gnu/libnss_nis-2.19.so
7f75e46fa000-7f75e4711000 r-xp 00000000 fd:01 393437                     /lib/x86_64-linux-gnu/libnsl-2.19.so
7f75e4711000-7f75e4910000 ---p 00017000 fd:01 393437                     /lib/x86_64-linux-gnu/libnsl-2.19.so
7f75e4910000-7f75e4911000 r--p 00016000 fd:01 393437                     /lib/x86_64-linux-gnu/libnsl-2.19.so
7f75e4911000-7f75e4912000 rw-p 00017000 fd:01 393437                     /lib/x86_64-linux-gnu/libnsl-2.19.so
7f75e4912000-7f75e4914000 rw-p 00000000 00:00 0 
7f75e4914000-7f75e491d000 r-xp 00000000 fd:01 393439                     /lib/x86_64-linux-gnu/libnss_compat-2.19.so
7f75e491d000-7f75e4b1c000 ---p 00009000 fd:01 393439                     /lib/x86_64-linux-gnu/libnss_compat-2.19.so
7f75e4b1c000-7f75e4b1d000 r--p 00008000 fd:01 393439                     /lib/x86_64-linux-gnu/libnss_compat-2.19.so
7f75e4b1d000-7f75e4b1e000 rw-p 00009000 fd:01 393439                     /lib/x86_64-linux-gnu/libnss_compat-2.19.so
7f75e4b1e000-7f75e4b28000 r-xp 00000000 fd:01 932656                     /usr/lib/jvm/java-7-oracle/jre/lib/amd64/libinstrument.so
7f75e4b28000-7f75e4d27000 ---p 0000a000 fd:01 932656                     /usr/lib/jvm/java-7-oracle/jre/lib/amd64/libinstrument.so
7f75e4d27000-7f75e4d28000 rw-p 00009000 fd:01 932656                     /usr/lib/jvm/java-7-oracle/jre/lib/amd64/libinstrument.so
7f75e4d28000-7f75e4d51000 r-xp 00000000 fd:01 932663                     /usr/lib/jvm/java-7-oracle/jre/lib/amd64/libjava.so
7f75e4d51000-7f75e4f51000 ---p 00029000 fd:01 932663                     /usr/lib/jvm/java-7-oracle/jre/lib/amd64/libjava.so
7f75e4f51000-7f75e4f53000 rw-p 00029000 fd:01 932663                     /usr/lib/jvm/java-7-oracle/jre/lib/amd64/libjava.so
7f75e4f53000-7f75e4f60000 r-xp 00000000 fd:01 932646                     /usr/lib/jvm/java-7-oracle/jre/lib/amd64/libverify.so
7f75e4f60000-7f75e515f000 ---p 0000d000 fd:01 932646                     /usr/lib/jvm/java-7-oracle/jre/lib/amd64/libverify.so
7f75e515f000-7f75e5161000 rw-p 0000c000 fd:01 932646                     /usr/lib/jvm/java-7-oracle/jre/lib/amd64/libverify.so
7f75e5161000-7f75e5168000 r-xp 00000000 fd:01 393480                     /lib/x86_64-linux-gnu/librt-2.19.so
7f75e5168000-7f75e5367000 ---p 00007000 fd:01 393480                     /lib/x86_64-linux-gnu/librt-2.19.so
7f75e5367000-7f75e5368000 r--p 00006000 fd:01 393480                     /lib/x86_64-linux-gnu/librt-2.19.so
7f75e5368000-7f75e5369000 rw-p 00007000 fd:01 393480                     /lib/x86_64-linux-gnu/librt-2.19.so
7f75e5369000-7f75e546e000 r-xp 00000000 fd:01 393422                     /lib/x86_64-linux-gnu/libm-2.19.so
7f75e546e000-7f75e566d000 ---p 00105000 fd:01 393422                     /lib/x86_64-linux-gnu/libm-2.19.so
7f75e566d000-7f75e566e000 r--p 00104000 fd:01 393422                     /lib/x86_64-linux-gnu/libm-2.19.so
7f75e566e000-7f75e566f000 rw-p 00105000 fd:01 393422                     /lib/x86_64-linux-gnu/libm-2.19.so
7f75e566f000-7f75e61df000 r-xp 00000000 fd:01 932653                     /usr/lib/jvm/java-7-oracle/jre/lib/amd64/server/libjvm.so
7f75e61df000-7f75e63de000 ---p 00b70000 fd:01 932653                     /usr/lib/jvm/java-7-oracle/jre/lib/amd64/server/libjvm.so
7f75e63de000-7f75e64a2000 rw-p 00b6f000 fd:01 932653                     /usr/lib/jvm/java-7-oracle/jre/lib/amd64/server/libjvm.so
7f75e64a2000-7f75e64e3000 rw-p 00000000 00:00 0 
7f75e64e3000-7f75e669f000 r-xp 00000000 fd:01 393384                     /lib/x86_64-linux-gnu/libc-2.19.so
7f75e669f000-7f75e689e000 ---p 001bc000 fd:01 393384                     /lib/x86_64-linux-gnu/libc-2.19.so
7f75e689e000-7f75e68a2000 r--p 001bb000 fd:01 393384                     /lib/x86_64-linux-gnu/libc-2.19.so
7f75e68a2000-7f75e68a4000 rw-p 001bf000 fd:01 393384                     /lib/x86_64-linux-gnu/libc-2.19.so
7f75e68a4000-7f75e68a9000 rw-p 00000000 00:00 0 
7f75e68a9000-7f75e68ac000 r-xp 00000000 fd:01 393400                     /lib/x86_64-linux-gnu/libdl-2.19.so
7f75e68ac000-7f75e6aab000 ---p 00003000 fd:01 393400                     /lib/x86_64-linux-gnu/libdl-2.19.so
7f75e6aab000-7f75e6aac000 r--p 00002000 fd:01 393400                     /lib/x86_64-linux-gnu/libdl-2.19.so
7f75e6aac000-7f75e6aad000 rw-p 00003000 fd:01 393400                     /lib/x86_64-linux-gnu/libdl-2.19.so
7f75e6aad000-7f75e6ac3000 r-xp 00000000 fd:01 1190733                    /usr/lib/jvm/java-7-oracle/lib/amd64/jli/libjli.so
7f75e6ac3000-7f75e6cc3000 ---p 00016000 fd:01 1190733                    /usr/lib/jvm/java-7-oracle/lib/amd64/jli/libjli.so
7f75e6cc3000-7f75e6cc4000 rw-p 00016000 fd:01 1190733                    /usr/lib/jvm/java-7-oracle/lib/amd64/jli/libjli.so
7f75e6cc4000-7f75e6cdd000 r-xp 00000000 fd:01 393474                     /lib/x86_64-linux-gnu/libpthread-2.19.so
7f75e6cdd000-7f75e6edc000 ---p 00019000 fd:01 393474                     /lib/x86_64-linux-gnu/libpthread-2.19.so
7f75e6edc000-7f75e6edd000 r--p 00018000 fd:01 393474                     /lib/x86_64-linux-gnu/libpthread-2.19.so
7f75e6edd000-7f75e6ede000 rw-p 00019000 fd:01 393474                     /lib/x86_64-linux-gnu/libpthread-2.19.so
7f75e6ede000-7f75e6ee2000 rw-p 00000000 00:00 0 
7f75e6ee2000-7f75e6f05000 r-xp 00000000 fd:01 393364                     /lib/x86_64-linux-gnu/ld-2.19.so
7f75e6f05000-7f75e6f06000 r--s 00000000 fd:01 399703                     /root/.m2/repository/org/grails/grails-web-fileupload/2.4.0/grails-web-fileupload-2.4.0.jar
7f75e6f06000-7f75e6f08000 r--s 0001a000 fd:01 398842                     /root/.m2/repository/org/fusesource/jansi/jansi/1.11/jansi-1.11.jar
7f75e6f08000-7f75e6f0b000 r--s 00018000 fd:01 398836                     /root/.m2/repository/org/apache/ant/ant-junit/1.8.4/ant-junit-1.8.4.jar
7f75e6f0b000-7f75e6f0c000 r--s 00001000 fd:01 398831                     /root/.m2/repository/org/apache/ant/ant-trax/1.7.1/ant-trax-1.7.1.jar
7f75e6f0c000-7f75e6f0f000 r--s 00030000 fd:01 398828                     /root/.m2/repository/jline/jline/2.11/jline-2.11.jar
7f75e6f0f000-7f75e6f11000 r--s 00005000 fd:01 398821                     /root/.m2/repository/org/slf4j/slf4j-api/1.7.5/slf4j-api-1.7.5.jar
7f75e6f11000-7f75e6f1d000 r--s 000cc000 fd:01 398819                     /root/.m2/repository/org/grails/grails-bootstrap/2.4.0/grails-bootstrap-2.4.0.jar
7f75e6f1d000-7f75e6f26000 r--s 0006f000 fd:01 399785                     /root/.m2/repository/log4j/log4j/1.2.17/log4j-1.2.17.jar
7f75e6f26000-7f75e6f29000 r--s 0000d000 fd:01 399738                     /root/.m2/repository/org/grails/grails-plugin-log4j/2.4.0/grails-plugin-log4j-2.4.0.jar
7f75e6f29000-7f75e6f2e000 r--s 00050000 fd:01 266914                     /root/.gvm/grails/2.4.0/lib/org.codehaus.gant/gant_groovy1.8/jars/gant_groovy1.8-1.9.6.jar
7f75e6f2e000-7f75e6f43000 rw-p 00000000 00:00 0 
7f75e6f43000-7f75e6fee000 rw-p 00000000 00:00 0 
7f75e6fee000-7f75e6ff6000 rw-s 00000000 fd:01 270016                     /tmp/hsperfdata_root/2988
7f75e6ff6000-7f75e6ff9000 ---p 00000000 00:00 0 
7f75e6ff9000-7f75e70fb000 rw-p 00000000 00:00 0                          [stack:2990]
7f75e70fb000-7f75e70fc000 r--s 00004000 fd:01 398829                     /root/.m2/repository/org/apache/ant/ant-launcher/1.8.4/ant-launcher-1.8.4.jar
7f75e70fc000-7f75e70fe000 r--s 00013000 fd:01 399663                     /root/.m2/repository/org/apache/tomcat/embed/tomcat-embed-logging-log4j/7.0.50/tomcat-embed-logging-log4j-7.0.50.jar
7f75e70fe000-7f75e7100000 r--s 00003000 fd:01 398823                     /root/.m2/repository/org/slf4j/jcl-over-slf4j/1.7.5/jcl-over-slf4j-1.7.5.jar
7f75e7100000-7f75e7101000 rw-p 00000000 00:00 0 
7f75e7101000-7f75e7102000 ---p 00000000 00:00 0 
7f75e7102000-7f75e7104000 rw-p 00000000 00:00 0 
7f75e7104000-7f75e7105000 r--p 00022000 fd:01 393364                     /lib/x86_64-linux-gnu/ld-2.19.so
7f75e7105000-7f75e7106000 rw-p 00023000 fd:01 393364                     /lib/x86_64-linux-gnu/ld-2.19.so
7f75e7106000-7f75e7107000 rw-p 00000000 00:00 0 
7fff43e19000-7fff43e3a000 rw-p 00000000 00:00 0                          [stack]
7fff43e5e000-7fff43e60000 r-xp 00000000 00:00 0                          [vdso]
ffffffffff600000-ffffffffff601000 r-xp 00000000 00:00 0                  [vsyscall]

VM Arguments:
jvm_args: -Dfile.encoding=UTF-8 -Xmx768M -Xms64M -XX:MaxPermSize=256m -Dgrails.fork.active=true -Dgrails.build.execution.context=/tmp/retreate4647079605544574308grails-execution-context -Dgrails.home=/root/.gvm/grails/2.4.0 -javaagent:/root/.gvm/grails/2.4.0/lib/org.springframework/springloaded/jars/springloaded-1.2.0.RELEASE.jar -Xverify:none -Dspringloaded.synchronize=true -Djdk.reflect.allowGetCallerClass=true -Dspringloaded=profile=grails;cacheDir=/root/.grails/2.4.0 
java_command: org.grails.plugins.tomcat.fork.ForkedTomcatServer
Launcher Type: SUN_STANDARD

Environment Variables:
JAVA_HOME=/usr/lib/jvm/java-7-oracle
PATH=/root/.gvm/vertx/current/bin:/root/.gvm/springboot/current/bin:/root/.gvm/lazybones/current/bin:/root/.gvm/groovyserv/current/bin:/root/.gvm/groovy/current/bin:/root/.gvm/griffon/current/bin:/root/.gvm/grails/current/bin:/root/.gvm/gradle/current/bin:/root/.gvm/glide/current/bin:/root/.gvm/gaiden/current/bin:/root/.gvm/crash/current/bin:/usr/local/sbin:/usr/local/bin:/usr/sbin:/usr/bin:/sbin:/bin:/usr/games:/usr/local/games
SHELL=/bin/bash

Signal Handlers:
SIGSEGV: [libjvm.so+0x99f0f0], sa_mask[0]=0x7ffbfeff, sa_flags=0x10000004
SIGBUS: [libjvm.so+0x99f0f0], sa_mask[0]=0x7ffbfeff, sa_flags=0x10000004
SIGFPE: [libjvm.so+0x81a6d0], sa_mask[0]=0x7ffbfeff, sa_flags=0x10000004
SIGPIPE: [libjvm.so+0x81a6d0], sa_mask[0]=0x7ffbfeff, sa_flags=0x10000004
SIGXFSZ: [libjvm.so+0x81a6d0], sa_mask[0]=0x7ffbfeff, sa_flags=0x10000004
SIGILL: [libjvm.so+0x81a6d0], sa_mask[0]=0x7ffbfeff, sa_flags=0x10000004
SIGUSR1: SIG_DFL, sa_mask[0]=0x00000000, sa_flags=0x00000000
SIGUSR2: [libjvm.so+0x81bed0], sa_mask[0]=0x00000004, sa_flags=0x10000004
SIGHUP: [libjvm.so+0x81cfd0], sa_mask[0]=0x7ffbfeff, sa_flags=0x10000004
SIGINT: [libjvm.so+0x81cfd0], sa_mask[0]=0x7ffbfeff, sa_flags=0x10000004
SIGTERM: [libjvm.so+0x81cfd0], sa_mask[0]=0x7ffbfeff, sa_flags=0x10000004
SIGQUIT: [libjvm.so+0x81cfd0], sa_mask[0]=0x7ffbfeff, sa_flags=0x10000004


---------------  S Y S T E M  ---------------

OS:jessie/sid

uname:Linux 3.13.0-24-generic #46-Ubuntu SMP Thu Apr 10 19:11:08 UTC 2014 x86_64
libc:glibc 2.19 NPTL 2.19 
rlimit: STACK 8192k, CORE 0k, NPROC 3751, NOFILE 4096, AS infinity
load average:2.22 1.12 0.58

/proc/meminfo:
MemTotal:         501876 kB
MemFree:            5708 kB
Buffers:             292 kB
Cached:             9888 kB
SwapCached:            0 kB
Active:           459612 kB
Inactive:           5852 kB
Active(anon):     455424 kB
Inactive(anon):      236 kB
Active(file):       4188 kB
Inactive(file):     5616 kB
Unevictable:           0 kB
Mlocked:               0 kB
SwapTotal:             0 kB
SwapFree:              0 kB
Dirty:               364 kB
Writeback:             0 kB
AnonPages:        455324 kB
Mapped:             5940 kB
Shmem:               324 kB
Slab:              17364 kB
SReclaimable:       9628 kB
SUnreclaim:         7736 kB
KernelStack:         824 kB
PageTables:         2856 kB
NFS_Unstable:          0 kB
Bounce:                0 kB
WritebackTmp:          0 kB
CommitLimit:      250936 kB
Committed_AS:     413084 kB
VmallocTotal:   34359738367 kB
VmallocUsed:        7852 kB
VmallocChunk:   34359723260 kB
HardwareCorrupted:     0 kB
AnonHugePages:         0 kB
HugePages_Total:       0
HugePages_Free:        0
HugePages_Rsvd:        0
HugePages_Surp:        0
Hugepagesize:       2048 kB
DirectMap4k:       38904 kB
DirectMap2M:      485376 kB
DirectMap1G:           0 kB


CPU:total 1 (1 cores per cpu, 1 threads per core) family 6 model 62 stepping 4, cmov, cx8, fxsr, mmx, sse, sse2, sse3, ssse3, sse4.1, sse4.2, popcnt, avx, aes, erms, tsc

/proc/cpuinfo:
processor	: 0
vendor_id	: GenuineIntel
cpu family	: 6
model		: 62
model name	: Intel(R) Xeon(R) CPU E5-2630L v2 @ 2.40GHz
stepping	: 4
microcode	: 0x1
cpu MHz		: 2399.998
cache size	: 15360 KB
physical id	: 0
siblings	: 1
core id		: 0
cpu cores	: 1
apicid		: 0
initial apicid	: 0
fpu		: yes
fpu_exception	: yes
cpuid level	: 13
wp		: yes
flags		: fpu vme de pse tsc msr pae mce cx8 apic sep mtrr pge mca cmov pat pse36 clflush mmx fxsr sse sse2 ss syscall nx pdpe1gb rdtscp lm constant_tsc arch_perfmon rep_good nopl eagerfpu pni pclmulqdq vmx ssse3 cx16 pcid sse4_1 sse4_2 x2apic popcnt tsc_deadline_timer aes xsave avx f16c rdrand hypervisor lahf_lm xsaveopt vnmi ept fsgsbase tsc_adjust smep erms
bogomips	: 4799.99
clflush size	: 64
cache_alignment	: 64
address sizes	: 40 bits physical, 48 bits virtual
power management:



Memory: 4k page, physical 501876k(5708k free), swap 0k(0k free)

vm_info: Java HotSpot(TM) 64-Bit Server VM (24.60-b09) for linux-amd64 JRE (1.7.0_60-b19), built on May  7 2014 13:18:30 by "java_re" with gcc 4.3.0 20080428 (Red Hat 4.3.0-8)

time: Tue Jun 17 05:43:40 2014
elapsed time: 44 seconds

